\BOOKMARK [1][-]{Doc-Start}{Editor's Preface}{}% 1
\BOOKMARK [1][-]{Doc-Start}{My Early Life}{}% 2
\BOOKMARK [1][-]{Doc-Start}{My First Efforts At Invention}{}% 3
\BOOKMARK [1][-]{Doc-Start}{My Later Endeavors}{}% 4
\BOOKMARK [1][-]{poemline.2.7}{The Discovery of the Tesla Coil and Transformer}{}% 5
\BOOKMARK [2][-]{section*.1}{The First Induction Motor is Built}{poemline.2.7}% 6
\BOOKMARK [2][-]{section*.1}{German ``Efficiency"}{poemline.2.7}% 7
\BOOKMARK [2][-]{section*.1}{Tesla in America}{poemline.2.7}% 8
\BOOKMARK [2][-]{section*.1}{Tesla Meets Edison}{poemline.2.7}% 9
\BOOKMARK [2][-]{section*.1}{The Invention of the Tesla Coil}{poemline.2.7}% 10
\BOOKMARK [1][-]{section*.1}{The Magnifying Transmitter}{}% 11
\BOOKMARK [2][-]{section*.2}{Scrapping The World's Engines}{section*.1}% 12
\BOOKMARK [2][-]{section*.2}{``Aladdin's Lamp"}{section*.1}% 13
\BOOKMARK [2][-]{section*.2}{In Faraday's Chair}{section*.1}% 14
\BOOKMARK [2][-]{section*.2}{Nature's Trigger}{section*.1}% 15
\BOOKMARK [2][-]{section*.2}{Four Million Volts}{section*.1}% 16
\BOOKMARK [2][-]{section*.2}{The Magnifying Transmitter}{section*.1}% 17
\BOOKMARK [2][-]{section*.2}{100 Millions Volts Possible}{section*.1}% 18
\BOOKMARK [1][-]{Item.17}{The Art of Telautomatics}{}% 19
\BOOKMARK [2][-]{section*.3}{How Tesla's Mind Recuperates}{Item.17}% 20
\BOOKMARK [2][-]{section*.3}{Tesla Rapes "Static`` Men Vigorously}{Item.17}% 21
\BOOKMARK [2][-]{section*.3}{The Remedy for Static}{Item.17}% 22
\BOOKMARK [2][-]{section*.3}{Radio Government Control Not Wanted}{Item.17}% 23
\BOOKMARK [2][-]{section*.3}{America First}{Item.17}% 24
\BOOKMARK [2][-]{section*.3}{The Road To Permanent Peace}{Item.17}% 25
\BOOKMARK [2][-]{section*.3}{The Mechanistic Theory Of Life}{Item.17}% 26
\BOOKMARK [2][-]{section*.3}{Lack of Observation a Form of Ignorance}{Item.17}% 27
\BOOKMARK [2][-]{section*.3}{Psychic Phenomena in the Manufacture of Flivvers}{Item.17}% 28
\BOOKMARK [2][-]{section*.3}{Confuting Spiritism}{Item.17}% 29
\BOOKMARK [2][-]{section*.3}{Tesla's Astounding Discovery}{Item.17}% 30
\BOOKMARK [2][-]{section*.3}{Dr. Tesla's First Automaton}{Item.17}% 31
\BOOKMARK [2][-]{section*.3}{Telautomatics of the Future}{Item.17}% 32
